<?xml version="1.0" encoding="UTF-8"?>
<testng-results skipped="0" failed="1" total="1" passed="0">
  <reporter-output>
    <line>
      <![CDATA[home page displayed===>pass]]>
    </line>
    <line>
      <![CDATA[veryfy title of the page===>pass]]>
    </line>
  </reporter-output>
  <suite name="Suite" duration-ms="13737" started-at="2019-08-18T11:08:05Z" finished-at="2019-08-18T11:08:19Z">
    <groups>
    </groups>
    <test name="Test" duration-ms="13737" started-at="2019-08-18T11:08:05Z" finished-at="2019-08-18T11:08:19Z">
      <class name="com.TestScript.com.MobileTest">
        <test-method status="PASS" signature="configBS()[pri:0, instance:com.TestScript.com.MobileTest@68c4039c]" name="configBS" is-config="true" duration-ms="8" started-at="2019-08-18T16:38:05Z" finished-at="2019-08-18T16:38:05Z">
          <reporter-output>
          </reporter-output>
        </test-method> <!-- configBS -->
        <test-method status="PASS" signature="configBC()[pri:0, instance:com.TestScript.com.MobileTest@68c4039c]" name="configBC" is-config="true" duration-ms="6109" started-at="2019-08-18T16:38:05Z" finished-at="2019-08-18T16:38:12Z">
          <reporter-output>
          </reporter-output>
        </test-method> <!-- configBC -->
        <test-method status="PASS" signature="configBM()[pri:0, instance:com.TestScript.com.MobileTest@68c4039c]" name="configBM" is-config="true" duration-ms="3807" started-at="2019-08-18T16:38:12Z" finished-at="2019-08-18T16:38:15Z">
          <reporter-output>
          </reporter-output>
        </test-method> <!-- configBM -->
        <test-method status="FAIL" signature="mobilelistTest()[pri:0, instance:com.TestScript.com.MobileTest@68c4039c]" name="mobilelistTest" duration-ms="3602" started-at="2019-08-18T16:38:15Z" finished-at="2019-08-18T16:38:19Z">
          <exception class="java.lang.AssertionError">
            <message>
              <![CDATA[expected [true] but found [false]]]>
            </message>
            <full-stacktrace>
              <![CDATA[java.lang.AssertionError: expected [true] but found [false]
	at org.testng.Assert.fail(Assert.java:94)
	at org.testng.Assert.failNotEquals(Assert.java:494)
	at org.testng.Assert.assertTrue(Assert.java:42)
	at org.testng.Assert.assertTrue(Assert.java:52)
	at com.TestScript.com.MobileTest.mobilelistTest(MobileTest.java:75)
	at sun.reflect.NativeMethodAccessorImpl.invoke0(Native Method)
	at sun.reflect.NativeMethodAccessorImpl.invoke(NativeMethodAccessorImpl.java:62)
	at sun.reflect.DelegatingMethodAccessorImpl.invoke(DelegatingMethodAccessorImpl.java:43)
	at java.lang.reflect.Method.invoke(Method.java:497)
	at org.testng.internal.MethodInvocationHelper.invokeMethod(MethodInvocationHelper.java:80)
	at org.testng.internal.Invoker.invokeMethod(Invoker.java:714)
	at org.testng.internal.Invoker.invokeTestMethod(Invoker.java:901)
	at org.testng.internal.Invoker.invokeTestMethods(Invoker.java:1231)
	at org.testng.internal.TestMethodWorker.invokeTestMethods(TestMethodWorker.java:127)
	at org.testng.internal.TestMethodWorker.run(TestMethodWorker.java:111)
	at org.testng.TestRunner.privateRun(TestRunner.java:767)
	at org.testng.TestRunner.run(TestRunner.java:617)
	at org.testng.SuiteRunner.runTest(SuiteRunner.java:334)
	at org.testng.SuiteRunner.runSequentially(SuiteRunner.java:329)
	at org.testng.SuiteRunner.privateRun(SuiteRunner.java:291)
	at org.testng.SuiteRunner.run(SuiteRunner.java:240)
	at org.testng.SuiteRunnerWorker.runSuite(SuiteRunnerWorker.java:52)
	at org.testng.SuiteRunnerWorker.run(SuiteRunnerWorker.java:86)
	at org.testng.TestNG.runSuitesSequentially(TestNG.java:1198)
	at org.testng.TestNG.runSuitesLocally(TestNG.java:1123)
	at org.testng.TestNG.run(TestNG.java:1031)
	at org.testng.remote.AbstractRemoteTestNG.run(AbstractRemoteTestNG.java:114)
	at org.testng.remote.RemoteTestNG.initAndRun(RemoteTestNG.java:251)
	at org.testng.remote.RemoteTestNG.main(RemoteTestNG.java:77)
]]>
            </full-stacktrace>
          </exception> <!-- java.lang.AssertionError -->
          <reporter-output>
            <line>
              <![CDATA[home page displayed===>pass]]>
            </line>
            <line>
              <![CDATA[veryfy title of the page===>pass]]>
            </line>
          </reporter-output>
        </test-method> <!-- mobilelistTest -->
        <test-method status="PASS" signature="configAM()[pri:0, instance:com.TestScript.com.MobileTest@68c4039c]" name="configAM" is-config="true" duration-ms="0" started-at="2019-08-18T16:38:19Z" finished-at="2019-08-18T16:38:19Z">
          <reporter-output>
          </reporter-output>
        </test-method> <!-- configAM -->
        <test-method status="PASS" signature="configAC()[pri:0, instance:com.TestScript.com.MobileTest@68c4039c]" name="configAC" is-config="true" duration-ms="14" started-at="2019-08-18T16:38:19Z" finished-at="2019-08-18T16:38:19Z">
          <reporter-output>
          </reporter-output>
        </test-method> <!-- configAC -->
        <test-method status="PASS" signature="configAS()[pri:0, instance:com.TestScript.com.MobileTest@68c4039c]" name="configAS" is-config="true" duration-ms="2" started-at="2019-08-18T16:38:19Z" finished-at="2019-08-18T16:38:19Z">
          <reporter-output>
          </reporter-output>
        </test-method> <!-- configAS -->
      </class> <!-- com.TestScript.com.MobileTest -->
    </test> <!-- Test -->
  </suite> <!-- Suite -->
</testng-results>
